2017/04/05 09:52:25 [error] [exception.CDbException] could not find driver
2017/04/05 09:52:25 [error] [exception.CDbException] CDbException: CDbConnection failed to open the DB connection. in /var/www/html/readyMix/framework/db/CDbConnection.php:405
Stack trace:
#0 /var/www/html/readyMix/framework/db/CDbConnection.php(347): CDbConnection->open()
#1 /var/www/html/readyMix/framework/db/CDbConnection.php(325): CDbConnection->setActive(true)
#2 /var/www/html/readyMix/framework/base/CModule.php(394): CDbConnection->init()
#3 /var/www/html/readyMix/framework/base/CApplication.php(458): CModule->getComponent('db')
#4 /var/www/html/readyMix/framework/db/ar/CActiveRecord.php(637): CApplication->getDb()
#5 /var/www/html/readyMix/framework/db/ar/CActiveRecord.php(670): CActiveRecord->getDbConnection()
#6 /var/www/html/readyMix/framework/db/ar/CActiveRecord.php(1601): CActiveRecord->getCommandBuilder()
#7 /var/www/html/readyMix/framework/web/CActiveDataProvider.php(228): CActiveRecord->count(Object(CDbCriteria))
#8 /var/www/html/readyMix/framework/web/CDataProvider.php(224): CActiveDataProvider->calculateTotalItemCount()
#9 /var/www/html/readyMix/framework/web/CActiveDataProvider.php(178): CDataProvider->getTotalItemCount()
#10 /var/www/html/readyMix/framework/web/CDataProvider.php(168): CActiveDataProvider->fetchData()
#11 /var/www/html/readyMix/framework/zii/widgets/CBaseListView.php(125): CDataProvider->getData()
#12 /var/www/html/readyMix/framework/zii/widgets/CListView.php(211): CBaseListView->init()
#13 /var/www/html/readyMix/framework/web/CBaseController.php(147): CListView->init()
#14 /var/www/html/readyMix/framework/web/CBaseController.php(180): CBaseController->createWidget('zii.widgets.CLi...', Array)
#15 /var/www/html/readyMix/protected/views/post/index.php(8): CBaseController->widget('zii.widgets.CLi...', Array)
#16 /var/www/html/readyMix/framework/web/CBaseController.php(126): require('/var/www/html/r...')
#17 /var/www/html/readyMix/framework/web/CBaseController.php(95): CBaseController->renderInternal('/var/www/html/r...', Array, true)
#18 /var/www/html/readyMix/framework/web/CController.php(869): CBaseController->renderFile('/var/www/html/r...', Array, true)
#19 /var/www/html/readyMix/framework/web/CController.php(782): CController->renderPartial('index', Array, true)
#20 /var/www/html/readyMix/protected/controllers/PostController.php(135): CController->render('index', Array)
#21 /var/www/html/readyMix/framework/web/actions/CInlineAction.php(49): PostController->actionIndex()
#22 /var/www/html/readyMix/framework/web/CController.php(308): CInlineAction->runWithParams(Array)
#23 /var/www/html/readyMix/framework/web/filters/CFilterChain.php(133): CController->runAction(Object(CInlineAction))
#24 /var/www/html/readyMix/framework/web/filters/CFilter.php(40): CFilterChain->run()
#25 /var/www/html/readyMix/framework/web/CController.php(1145): CFilter->filter(Object(CFilterChain))
#26 /var/www/html/readyMix/framework/web/filters/CInlineFilter.php(58): CController->filterAccessControl(Object(CFilterChain))
#27 /var/www/html/readyMix/framework/web/filters/CFilterChain.php(130): CInlineFilter->filter(Object(CFilterChain))
#28 /var/www/html/readyMix/framework/web/CController.php(291): CFilterChain->run()
#29 /var/www/html/readyMix/framework/web/CController.php(265): CController->runActionWithFilters(Object(CInlineAction), Array)
#30 /var/www/html/readyMix/framework/web/CWebApplication.php(282): CController->run('')
#31 /var/www/html/readyMix/framework/web/CWebApplication.php(141): CWebApplication->runController('')
#32 /var/www/html/readyMix/framework/base/CApplication.php(184): CWebApplication->processRequest()
#33 /var/www/html/readyMix/index.php(11): CApplication->run()
#34 {main}
REQUEST_URI=/readyMix/
---
2017/04/05 09:54:29 [error] [system.db.CDbCommand] CDbCommand::fetchAll() failed: SQLSTATE[42S02]: Base table or view not found: 1146 Table 'readyMix.tbl_post' doesn't exist. The SQL statement executed was: SHOW FULL COLUMNS FROM `tbl_post`.
2017/04/05 09:54:29 [error] [exception.CDbException] CDbException: The table "{{post}}" for active record class "Post" cannot be found in the database. in /var/www/html/readyMix/framework/db/ar/CActiveRecord.php:2385
Stack trace:
#0 /var/www/html/readyMix/framework/db/ar/CActiveRecord.php(411): CActiveRecordMetaData->__construct(Object(Post))
#1 /var/www/html/readyMix/framework/db/ar/CActiveRecord.php(661): CActiveRecord->getMetaData()
#2 /var/www/html/readyMix/framework/db/ar/CActiveFinder.php(392): CActiveRecord->getTableSchema()
#3 /var/www/html/readyMix/framework/db/ar/CActiveFinder.php(47): CJoinElement->__construct(Object(CActiveFinder), Object(Post))
#4 /var/www/html/readyMix/framework/db/ar/CActiveRecord.php(912): CActiveFinder->__construct(Object(Post), 'commentCount')
#5 /var/www/html/readyMix/framework/db/ar/CActiveRecord.php(1609): CActiveRecord->getActiveFinder('commentCount')
#6 /var/www/html/readyMix/framework/web/CActiveDataProvider.php(228): CActiveRecord->count(Object(CDbCriteria))
#7 /var/www/html/readyMix/framework/web/CDataProvider.php(224): CActiveDataProvider->calculateTotalItemCount()
#8 /var/www/html/readyMix/framework/web/CActiveDataProvider.php(178): CDataProvider->getTotalItemCount()
#9 /var/www/html/readyMix/framework/web/CDataProvider.php(168): CActiveDataProvider->fetchData()
#10 /var/www/html/readyMix/framework/zii/widgets/CBaseListView.php(125): CDataProvider->getData()
#11 /var/www/html/readyMix/framework/zii/widgets/CListView.php(211): CBaseListView->init()
#12 /var/www/html/readyMix/framework/web/CBaseController.php(147): CListView->init()
#13 /var/www/html/readyMix/framework/web/CBaseController.php(180): CBaseController->createWidget('zii.widgets.CLi...', Array)
#14 /var/www/html/readyMix/protected/views/post/index.php(8): CBaseController->widget('zii.widgets.CLi...', Array)
#15 /var/www/html/readyMix/framework/web/CBaseController.php(126): require('/var/www/html/r...')
#16 /var/www/html/readyMix/framework/web/CBaseController.php(95): CBaseController->renderInternal('/var/www/html/r...', Array, true)
#17 /var/www/html/readyMix/framework/web/CController.php(869): CBaseController->renderFile('/var/www/html/r...', Array, true)
#18 /var/www/html/readyMix/framework/web/CController.php(782): CController->renderPartial('index', Array, true)
#19 /var/www/html/readyMix/protected/controllers/PostController.php(135): CController->render('index', Array)
#20 /var/www/html/readyMix/framework/web/actions/CInlineAction.php(49): PostController->actionIndex()
#21 /var/www/html/readyMix/framework/web/CController.php(308): CInlineAction->runWithParams(Array)
#22 /var/www/html/readyMix/framework/web/filters/CFilterChain.php(133): CController->runAction(Object(CInlineAction))
#23 /var/www/html/readyMix/framework/web/filters/CFilter.php(40): CFilterChain->run()
#24 /var/www/html/readyMix/framework/web/CController.php(1145): CFilter->filter(Object(CFilterChain))
#25 /var/www/html/readyMix/framework/web/filters/CInlineFilter.php(58): CController->filterAccessControl(Object(CFilterChain))
#26 /var/www/html/readyMix/framework/web/filters/CFilterChain.php(130): CInlineFilter->filter(Object(CFilterChain))
#27 /var/www/html/readyMix/framework/web/CController.php(291): CFilterChain->run()
#28 /var/www/html/readyMix/framework/web/CController.php(265): CController->runActionWithFilters(Object(CInlineAction), Array)
#29 /var/www/html/readyMix/framework/web/CWebApplication.php(282): CController->run('')
#30 /var/www/html/readyMix/framework/web/CWebApplication.php(141): CWebApplication->runController('')
#31 /var/www/html/readyMix/framework/base/CApplication.php(184): CWebApplication->processRequest()
#32 /var/www/html/readyMix/index.php(11): CApplication->run()
#33 {main}
REQUEST_URI=/readyMix/
---
2017/04/05 09:54:49 [error] [system.db.CDbCommand] CDbCommand::fetchAll() failed: SQLSTATE[42S02]: Base table or view not found: 1146 Table 'readyMix.tbl_post' doesn't exist. The SQL statement executed was: SHOW FULL COLUMNS FROM `tbl_post`.
2017/04/05 09:54:49 [error] [exception.CDbException] CDbException: The table "{{post}}" for active record class "Post" cannot be found in the database. in /var/www/html/readyMix/framework/db/ar/CActiveRecord.php:2385
Stack trace:
#0 /var/www/html/readyMix/framework/db/ar/CActiveRecord.php(411): CActiveRecordMetaData->__construct(Object(Post))
#1 /var/www/html/readyMix/framework/db/ar/CActiveRecord.php(661): CActiveRecord->getMetaData()
#2 /var/www/html/readyMix/framework/db/ar/CActiveFinder.php(392): CActiveRecord->getTableSchema()
#3 /var/www/html/readyMix/framework/db/ar/CActiveFinder.php(47): CJoinElement->__construct(Object(CActiveFinder), Object(Post))
#4 /var/www/html/readyMix/framework/db/ar/CActiveRecord.php(912): CActiveFinder->__construct(Object(Post), 'commentCount')
#5 /var/www/html/readyMix/framework/db/ar/CActiveRecord.php(1609): CActiveRecord->getActiveFinder('commentCount')
#6 /var/www/html/readyMix/framework/web/CActiveDataProvider.php(228): CActiveRecord->count(Object(CDbCriteria))
#7 /var/www/html/readyMix/framework/web/CDataProvider.php(224): CActiveDataProvider->calculateTotalItemCount()
#8 /var/www/html/readyMix/framework/web/CActiveDataProvider.php(178): CDataProvider->getTotalItemCount()
#9 /var/www/html/readyMix/framework/web/CDataProvider.php(168): CActiveDataProvider->fetchData()
#10 /var/www/html/readyMix/framework/zii/widgets/CBaseListView.php(125): CDataProvider->getData()
#11 /var/www/html/readyMix/framework/zii/widgets/CListView.php(211): CBaseListView->init()
#12 /var/www/html/readyMix/framework/web/CBaseController.php(147): CListView->init()
#13 /var/www/html/readyMix/framework/web/CBaseController.php(180): CBaseController->createWidget('zii.widgets.CLi...', Array)
#14 /var/www/html/readyMix/protected/views/post/index.php(8): CBaseController->widget('zii.widgets.CLi...', Array)
#15 /var/www/html/readyMix/framework/web/CBaseController.php(126): require('/var/www/html/r...')
#16 /var/www/html/readyMix/framework/web/CBaseController.php(95): CBaseController->renderInternal('/var/www/html/r...', Array, true)
#17 /var/www/html/readyMix/framework/web/CController.php(869): CBaseController->renderFile('/var/www/html/r...', Array, true)
#18 /var/www/html/readyMix/framework/web/CController.php(782): CController->renderPartial('index', Array, true)
#19 /var/www/html/readyMix/protected/controllers/PostController.php(135): CController->render('index', Array)
#20 /var/www/html/readyMix/framework/web/actions/CInlineAction.php(49): PostController->actionIndex()
#21 /var/www/html/readyMix/framework/web/CController.php(308): CInlineAction->runWithParams(Array)
#22 /var/www/html/readyMix/framework/web/filters/CFilterChain.php(133): CController->runAction(Object(CInlineAction))
#23 /var/www/html/readyMix/framework/web/filters/CFilter.php(40): CFilterChain->run()
#24 /var/www/html/readyMix/framework/web/CController.php(1145): CFilter->filter(Object(CFilterChain))
#25 /var/www/html/readyMix/framework/web/filters/CInlineFilter.php(58): CController->filterAccessControl(Object(CFilterChain))
#26 /var/www/html/readyMix/framework/web/filters/CFilterChain.php(130): CInlineFilter->filter(Object(CFilterChain))
#27 /var/www/html/readyMix/framework/web/CController.php(291): CFilterChain->run()
#28 /var/www/html/readyMix/framework/web/CController.php(265): CController->runActionWithFilters(Object(CInlineAction), Array)
#29 /var/www/html/readyMix/framework/web/CWebApplication.php(282): CController->run('')
#30 /var/www/html/readyMix/framework/web/CWebApplication.php(141): CWebApplication->runController('')
#31 /var/www/html/readyMix/framework/base/CApplication.php(184): CWebApplication->processRequest()
#32 /var/www/html/readyMix/index.php(11): CApplication->run()
#33 {main}
REQUEST_URI=/readyMix/
---
2017/04/05 09:56:20 [error] [exception.CHttpException.404] CHttpException: Unable to resolve the request "post". in /var/www/html/readyMix/framework/web/CWebApplication.php:286
Stack trace:
#0 /var/www/html/readyMix/framework/web/CWebApplication.php(141): CWebApplication->runController('')
#1 /var/www/html/readyMix/framework/base/CApplication.php(184): CWebApplication->processRequest()
#2 /var/www/html/readyMix/index.php(11): CApplication->run()
#3 {main}
REQUEST_URI=/readyMix/
---
